<?xml version="1.0" encoding="UTF-8"?>
<!-- Generated by org.testng.reporters.JUnitReportReporter -->
<testsuite hostname="Pavan_Kumar" failures="0" tests="1" name="driverFactory.DriverScript" time="11.605" errors="0" timestamp="2024-01-26T15:41:18 IST" skipped="0">
  <testcase classname="driverFactory.DriverScript" name="startTest" time="11.605"/>
</testsuite> <!-- driverFactory.DriverScript -->
