<?xml version="1.0" encoding="UTF-8"?>
<!-- Generated by org.testng.reporters.JUnitReportReporter -->
<testsuite hostname="Pavan_Kumar" failures="0" tests="1" name="driverFactory.AppTest" time="101.450" errors="0" timestamp="2024-01-27T20:42:32 IST" skipped="0">
  <testcase classname="driverFactory.AppTest" name="kickStart" time="101.450">
    <system-out>
      <![CDATA[Stock-000000222  Stock-000000222
Supplier-00000001059   Supplier-00000001059
Customer-00000001013  Customer-00000001013]]>
    </system-out>
  </testcase> <!-- kickStart -->
  <system-out>
    <![CDATA[Stock-000000222  Stock-000000222
Supplier-00000001059   Supplier-00000001059
Customer-00000001013  Customer-00000001013]]>
  </system-out>
</testsuite> <!-- driverFactory.AppTest -->
